<?xml version="1.0" encoding="UTF-8"?>
<!-- Generated by org.testng.reporters.JUnitReportReporter -->
<testsuite skipped="0" hostname="LAPTOP-5BBRIFC1" name="testCases.TestCase2" tests="1" failures="0" timestamp="11 Feb 2020 18:34:48 GMT" time="43.943" errors="0">
  <testcase name="testCase2" time="43.943" classname="testCases.TestCase2"/>
</testsuite> <!-- testCases.TestCase2 -->
