<?xml version="1.0" encoding="UTF-8"?>
<!-- Generated by org.testng.reporters.JUnitReportReporter -->
<testsuite skipped="0" hostname="LAPTOP-5BBRIFC1" name="testCases.TestCase2" tests="1" failures="0" timestamp="09 Feb 2020 16:40:44 GMT" time="50.032" errors="0">
  <testcase name="testCase2" time="50.032" classname="testCases.TestCase2"/>
</testsuite> <!-- testCases.TestCase2 -->
