<?xml version="1.0" encoding="UTF-8"?>
<testsuite name="testCases.TestCase2" tests="1" skipped="0" failures="0" errors="0" timestamp="2020-02-09T16:40:14" hostname="LAPTOP-5BBRIFC1" time="28.926">
  <properties/>
  <testcase name="testCase2" classname="testCases.TestCase2" time="28.926"/>
  <system-out><![CDATA[{"password":"Demo@1234","role":{"roleId":196,"name":"DemoUser","description":"description"},"userStatus":"ACTIVE","gender":"MALE","name":"SOjRiiF","emailId":"SOjRiiF@demo.com","mobileNo":"9755668404"}
 INFO [TestNG-test=Gradle test-1] (BasePage.java:117)- Log.Info: Data created for signup {"password":"Demo@1234","role":{"roleId":196,"name":"DemoUser","description":"description"},"userStatus":"ACTIVE","gender":"MALE","name":"SOjRiiF","emailId":"SOjRiiF@demo.com","mobileNo":"9755668404"}
{"password":"Demo@1234","role":{"roleId":196,"name":"DemoUser","description":"description"},"userStatus":"ACTIVE","gender":"MALE","name":"SOjRiiF","emailId":"SOjRiiF@demo.com","mobileNo":"9755668404"}
{
    "message": " Successfully added profile - SOjRiiF",
    "httpStatus": "201 CREATED",
    "httpStatusCode": 200,
    "body": " Successfully added profile - SOjRiiF",
    "success": true,
    "error": false
}
 INFO [TestNG-test=Gradle test-1] (BasePage.java:117)- Log.Info: signup repsonse {
    "message": " Successfully added profile - SOjRiiF",
    "httpStatus": "201 CREATED",
    "httpStatusCode": 200,
    "body": " Successfully added profile - SOjRiiF",
    "success": true,
    "error": false
} Passed
 INFO [TestNG-test=Gradle test-1] (BasePage.java:117)- Log.Info: Clicked on Sign In Button
 INFO [TestNG-test=Gradle test-1] (BasePage.java:117)- Log.Info: Credentials Entered
 INFO [TestNG-test=Gradle test-1] (BasePage.java:117)- Log.Info: User Logged In
 INFO [TestNG-test=Gradle test-1] (BasePage.java:117)- Log.Info: Logged in Successfully
332
 INFO [TestNG-test=Gradle test-1] (BasePage.java:117)- Log.Info: Profile Id is 332
 INFO [TestNG-test=Gradle test-1] (BasePage.java:117)- Log.Info: clicked on Logo
 INFO [TestNG-test=Gradle test-1] (BasePage.java:117)- Log.Info: Logged out Successfully
{
    "message": "Profile deleted successfully.",
    "httpStatus": "200 OK",
    "httpStatusCode": 200,
    "body": " Successfully deleted profile - 332",
    "success": true,
    "error": false
}
 INFO [TestNG-test=Gradle test-1] (BasePage.java:117)- Log.Info: profile repsonse {
    "message": "Profile deleted successfully.",
    "httpStatus": "200 OK",
    "httpStatusCode": 200,
    "body": " Successfully deleted profile - 332",
    "success": true,
    "error": false
} Passed
 INFO [TestNG-test=Gradle test-1] (BasePage.java:117)- Log.Info: Clicked on Sign In Button
 INFO [TestNG-test=Gradle test-1] (BasePage.java:117)- Log.Info: Credentials Entered
 INFO [TestNG-test=Gradle test-1] (BasePage.java:117)- Log.Info: User Logged In
 INFO [TestNG-test=Gradle test-1] (BasePage.java:117)- Log.Info: Login Failed Successfully Passed
]]></system-out>
  <system-err><![CDATA[Starting ChromeDriver 79.0.3945.36 (3582db32b33893869b8c1339e8f4d9ed1816f143-refs/branch-heads/3945@{#614}) on port 13367
Only local connections are allowed.
Please protect ports used by ChromeDriver and related test frameworks to prevent access by malicious code.
[1581266397.811][WARNING]: Timed out connecting to Chrome, retrying...
Feb 09, 2020 10:09:59 PM org.openqa.selenium.remote.ProtocolHandshake createSession
INFO: Detected dialect: W3C
[1581266401.872][WARNING]: Timed out connecting to Chrome, retrying...
]]></system-err>
</testsuite>
